2020-04-22 13:54:49,005 INFO =*=*=*=*=*=*=*=*=*=*=*=*=*=*=*=*=*=*=*=*=*
2020-04-22 13:54:49,005 INFO =*=*=*=*=*=.      NEW LOG      =*=*=*=*=*
2020-04-22 13:54:49,005 INFO =*=*=*=*=*=*=*=*=*=*=*=*=*=*=*=*=*=*=*=*=*
2020-04-22 13:54:51,968 INFO BEST PLAYER VERSION: 0
2020-04-22 13:54:51,969 INFO ====================
2020-04-22 13:54:51,969 INFO EPISODE 1 OF 2
2020-04-22 13:54:51,969 INFO ====================
2020-04-22 13:54:51,969 INFO best_player plays as X
2020-04-22 13:54:51,969 INFO ['-', '-', '-', '-', '-', '-', '-']
2020-04-22 13:54:51,969 INFO ['-', '-', '-', '-', '-', '-', '-']
2020-04-22 13:54:51,969 INFO ['-', '-', '-', '-', '-', '-', '-']
2020-04-22 13:54:51,969 INFO ['-', '-', '-', '-', '-', '-', '-']
2020-04-22 13:54:51,970 INFO ['-', '-', '-', '-', '-', '-', '-']
2020-04-22 13:54:51,970 INFO ['-', '-', '-', '-', '-', '-', '-']
2020-04-22 13:54:51,970 INFO --------------
2020-04-22 13:54:55,889 INFO action: 41
2020-04-22 13:54:55,889 INFO ['----', '----', '----', '----', '----', '----', '----']
2020-04-22 13:54:55,890 INFO ['----', '----', '----', '----', '----', '----', '----']
2020-04-22 13:54:55,890 INFO ['----', '----', '----', '----', '----', '----', '----']
2020-04-22 13:54:55,890 INFO ['----', '----', '----', '----', '----', '----', '----']
2020-04-22 13:54:55,890 INFO ['----', '----', '----', '----', '----', '----', '----']
2020-04-22 13:54:55,890 INFO ['0.14', '0.12', '0.14', '0.14', '0.14', '0.12', '0.18']
2020-04-22 13:54:55,890 INFO MCTS perceived value for X: 0.020000
2020-04-22 13:54:55,890 INFO NN perceived value for X: -0.030000
2020-04-22 13:54:55,890 INFO ====================
2020-04-22 13:54:55,890 INFO ['-', '-', '-', '-', '-', '-', '-']
2020-04-22 13:54:55,891 INFO ['-', '-', '-', '-', '-', '-', '-']
2020-04-22 13:54:55,891 INFO ['-', '-', '-', '-', '-', '-', '-']
2020-04-22 13:54:55,891 INFO ['-', '-', '-', '-', '-', '-', '-']
2020-04-22 13:54:55,891 INFO ['-', '-', '-', '-', '-', '-', '-']
2020-04-22 13:54:55,891 INFO ['-', '-', '-', '-', '-', '-', 'X']
2020-04-22 13:54:55,891 INFO --------------
2020-04-22 13:54:57,183 INFO action: 34
2020-04-22 13:54:57,183 INFO ['----', '----', '----', '----', '----', '----', '----']
2020-04-22 13:54:57,183 INFO ['----', '----', '----', '----', '----', '----', '----']
2020-04-22 13:54:57,184 INFO ['----', '----', '----', '----', '----', '----', '----']
2020-04-22 13:54:57,184 INFO ['----', '----', '----', '----', '----', '----', '----']
2020-04-22 13:54:57,184 INFO ['----', '----', '----', '----', '----', '----', '0.14']
2020-04-22 13:54:57,184 INFO ['0.16', '0.14', '0.14', '0.12', '0.16', '0.16', '----']
2020-04-22 13:54:57,184 INFO MCTS perceived value for O: 0.040000
2020-04-22 13:54:57,184 INFO NN perceived value for O: -0.030000
2020-04-22 13:54:57,184 INFO ====================
2020-04-22 13:54:57,184 INFO ['-', '-', '-', '-', '-', '-', '-']
2020-04-22 13:54:57,184 INFO ['-', '-', '-', '-', '-', '-', '-']
2020-04-22 13:54:57,184 INFO ['-', '-', '-', '-', '-', '-', '-']
2020-04-22 13:54:57,184 INFO ['-', '-', '-', '-', '-', '-', '-']
2020-04-22 13:54:57,184 INFO ['-', '-', '-', '-', '-', '-', 'O']
2020-04-22 13:54:57,184 INFO ['-', '-', '-', '-', '-', '-', 'X']
2020-04-22 13:54:57,184 INFO --------------
2020-04-22 13:54:58,478 INFO action: 36
2020-04-22 13:54:58,478 INFO ['----', '----', '----', '----', '----', '----', '----']
2020-04-22 13:54:58,478 INFO ['----', '----', '----', '----', '----', '----', '----']
2020-04-22 13:54:58,478 INFO ['----', '----', '----', '----', '----', '----', '----']
2020-04-22 13:54:58,478 INFO ['----', '----', '----', '----', '----', '----', '0.12']
2020-04-22 13:54:58,478 INFO ['----', '----', '----', '----', '----', '----', '----']
2020-04-22 13:54:58,478 INFO ['0.14', '0.14', '0.12', '0.14', '0.18', '0.16', '----']
2020-04-22 13:54:58,479 INFO MCTS perceived value for X: 0.030000
2020-04-22 13:54:58,479 INFO NN perceived value for X: -0.030000
2020-04-22 13:54:58,479 INFO ====================
2020-04-22 13:54:58,479 INFO ['-', '-', '-', '-', '-', '-', '-']
2020-04-22 13:54:58,479 INFO ['-', '-', '-', '-', '-', '-', '-']
2020-04-22 13:54:58,479 INFO ['-', '-', '-', '-', '-', '-', '-']
2020-04-22 13:54:58,479 INFO ['-', '-', '-', '-', '-', '-', '-']
2020-04-22 13:54:58,479 INFO ['-', '-', '-', '-', '-', '-', 'O']
2020-04-22 13:54:58,479 INFO ['-', 'X', '-', '-', '-', '-', 'X']
2020-04-22 13:54:58,479 INFO --------------
2020-04-22 13:54:59,775 INFO action: 39
2020-04-22 13:54:59,775 INFO ['----', '----', '----', '----', '----', '----', '----']
2020-04-22 13:54:59,775 INFO ['----', '----', '----', '----', '----', '----', '----']
2020-04-22 13:54:59,775 INFO ['----', '----', '----', '----', '----', '----', '----']
2020-04-22 13:54:59,775 INFO ['----', '----', '----', '----', '----', '----', '0.14']
2020-04-22 13:54:59,775 INFO ['----', '0.14', '----', '----', '----', '----', '----']
2020-04-22 13:54:59,775 INFO ['0.14', '----', '0.12', '0.18', '0.14', '0.14', '----']
2020-04-22 13:54:59,775 INFO MCTS perceived value for O: 0.050000
2020-04-22 13:54:59,775 INFO NN perceived value for O: -0.040000
2020-04-22 13:54:59,775 INFO ====================
2020-04-22 13:54:59,776 INFO ['-', '-', '-', '-', '-', '-', '-']
2020-04-22 13:54:59,776 INFO ['-', '-', '-', '-', '-', '-', '-']
2020-04-22 13:54:59,776 INFO ['-', '-', '-', '-', '-', '-', '-']
2020-04-22 13:54:59,776 INFO ['-', '-', '-', '-', '-', '-', '-']
2020-04-22 13:54:59,776 INFO ['-', '-', '-', '-', '-', '-', 'O']
2020-04-22 13:54:59,776 INFO ['-', 'X', '-', '-', 'O', '-', 'X']
2020-04-22 13:54:59,776 INFO --------------
2020-04-22 13:55:01,070 INFO action: 27
2020-04-22 13:55:01,070 INFO ['----', '----', '----', '----', '----', '----', '----']
2020-04-22 13:55:01,070 INFO ['----', '----', '----', '----', '----', '----', '----']
2020-04-22 13:55:01,070 INFO ['----', '----', '----', '----', '----', '----', '----']
2020-04-22 13:55:01,070 INFO ['----', '----', '----', '----', '----', '----', '0.16']
2020-04-22 13:55:01,070 INFO ['----', '0.16', '----', '----', '0.14', '----', '----']
2020-04-22 13:55:01,070 INFO ['0.14', '----', '0.12', '0.16', '----', '0.12', '----']
2020-04-22 13:55:01,070 INFO MCTS perceived value for X: 0.030000
2020-04-22 13:55:01,070 INFO NN perceived value for X: -0.060000
2020-04-22 13:55:01,070 INFO ====================
2020-04-22 13:55:01,071 INFO ['-', '-', '-', '-', '-', '-', '-']
2020-04-22 13:55:01,071 INFO ['-', '-', '-', '-', '-', '-', '-']
2020-04-22 13:55:01,071 INFO ['-', '-', '-', '-', '-', '-', '-']
2020-04-22 13:55:01,071 INFO ['-', '-', '-', '-', '-', '-', 'X']
2020-04-22 13:55:01,071 INFO ['-', '-', '-', '-', '-', '-', 'O']
2020-04-22 13:55:01,071 INFO ['-', 'X', '-', '-', 'O', '-', 'X']
2020-04-22 13:55:01,071 INFO --------------
2020-04-22 13:55:02,367 INFO action: 37
2020-04-22 13:55:02,367 INFO ['----', '----', '----', '----', '----', '----', '----']
2020-04-22 13:55:02,367 INFO ['----', '----', '----', '----', '----', '----', '----']
2020-04-22 13:55:02,367 INFO ['----', '----', '----', '----', '----', '----', '0.10']
2020-04-22 13:55:02,367 INFO ['----', '----', '----', '----', '----', '----', '----']
2020-04-22 13:55:02,367 INFO ['----', '0.16', '----', '----', '0.14', '----', '----']
2020-04-22 13:55:02,367 INFO ['0.14', '----', '0.16', '0.16', '----', '0.16', '----']
2020-04-22 13:55:02,367 INFO MCTS perceived value for O: 0.040000
2020-04-22 13:55:02,367 INFO NN perceived value for O: -0.050000
2020-04-22 13:55:02,367 INFO ====================
2020-04-22 13:55:02,367 INFO ['-', '-', '-', '-', '-', '-', '-']
2020-04-22 13:55:02,367 INFO ['-', '-', '-', '-', '-', '-', '-']
2020-04-22 13:55:02,367 INFO ['-', '-', '-', '-', '-', '-', '-']
2020-04-22 13:55:02,367 INFO ['-', '-', '-', '-', '-', '-', 'X']
2020-04-22 13:55:02,368 INFO ['-', '-', '-', '-', '-', '-', 'O']
2020-04-22 13:55:02,368 INFO ['-', 'X', 'O', '-', 'O', '-', 'X']
2020-04-22 13:55:02,368 INFO --------------
2020-04-22 13:55:03,773 INFO action: 29
2020-04-22 13:55:03,773 INFO ['----', '----', '----', '----', '----', '----', '----']
2020-04-22 13:55:03,774 INFO ['----', '----', '----', '----', '----', '----', '----']
2020-04-22 13:55:03,774 INFO ['----', '----', '----', '----', '----', '----', '0.14']
2020-04-22 13:55:03,774 INFO ['----', '----', '----', '----', '----', '----', '----']
2020-04-22 13:55:03,774 INFO ['----', '0.14', '0.12', '----', '0.17', '----', '----']
2020-04-22 13:55:03,774 INFO ['0.14', '----', '----', '0.14', '----', '0.16', '----']
2020-04-22 13:55:03,774 INFO MCTS perceived value for X: 0.050000
2020-04-22 13:55:03,774 INFO NN perceived value for X: -0.060000
2020-04-22 13:55:03,774 INFO ====================
2020-04-22 13:55:03,774 INFO ['-', '-', '-', '-', '-', '-', '-']
2020-04-22 13:55:03,774 INFO ['-', '-', '-', '-', '-', '-', '-']
2020-04-22 13:55:03,774 INFO ['-', '-', '-', '-', '-', '-', '-']
2020-04-22 13:55:03,774 INFO ['-', '-', '-', '-', '-', '-', 'X']
2020-04-22 13:55:03,774 INFO ['-', 'X', '-', '-', '-', '-', 'O']
2020-04-22 13:55:03,774 INFO ['-', 'X', 'O', '-', 'O', '-', 'X']
2020-04-22 13:55:03,775 INFO --------------
2020-04-22 13:55:05,068 INFO action: 32
2020-04-22 13:55:05,068 INFO ['----', '----', '----', '----', '----', '----', '----']
2020-04-22 13:55:05,068 INFO ['----', '----', '----', '----', '----', '----', '----']
2020-04-22 13:55:05,068 INFO ['----', '----', '----', '----', '----', '----', '0.16']
2020-04-22 13:55:05,068 INFO ['----', '0.12', '----', '----', '----', '----', '----']
2020-04-22 13:55:05,068 INFO ['----', '----', '0.16', '----', '0.12', '----', '----']
2020-04-22 13:55:05,068 INFO ['0.12', '----', '----', '0.16', '----', '0.16', '----']
2020-04-22 13:55:05,069 INFO MCTS perceived value for O: 0.060000
2020-04-22 13:55:05,069 INFO NN perceived value for O: -0.080000
2020-04-22 13:55:05,069 INFO ====================
2020-04-22 13:55:05,069 INFO ['-', '-', '-', '-', '-', '-', '-']
2020-04-22 13:55:05,069 INFO ['-', '-', '-', '-', '-', '-', '-']
2020-04-22 13:55:05,069 INFO ['-', '-', '-', '-', '-', '-', '-']
2020-04-22 13:55:05,069 INFO ['-', '-', '-', '-', '-', '-', 'X']
2020-04-22 13:55:05,069 INFO ['-', 'X', '-', '-', 'O', '-', 'O']
2020-04-22 13:55:05,069 INFO ['-', 'X', 'O', '-', 'O', '-', 'X']
2020-04-22 13:55:05,069 INFO --------------
2020-04-22 13:55:06,365 INFO action: 38
2020-04-22 13:55:06,365 INFO ['----', '----', '----', '----', '----', '----', '----']
2020-04-22 13:55:06,365 INFO ['----', '----', '----', '----', '----', '----', '----']
2020-04-22 13:55:06,365 INFO ['----', '----', '----', '----', '----', '----', '0.16']
2020-04-22 13:55:06,366 INFO ['----', '0.14', '----', '----', '0.14', '----', '----']
2020-04-22 13:55:06,366 INFO ['----', '----', '0.11', '----', '----', '----', '----']
2020-04-22 13:55:06,366 INFO ['0.16', '----', '----', '0.14', '----', '0.14', '----']
2020-04-22 13:55:06,366 INFO MCTS perceived value for X: 0.060000
2020-04-22 13:55:06,366 INFO NN perceived value for X: -0.100000
2020-04-22 13:55:06,366 INFO ====================
2020-04-22 13:55:06,366 INFO ['-', '-', '-', '-', '-', '-', '-']
2020-04-22 13:55:06,366 INFO ['-', '-', '-', '-', '-', '-', '-']
2020-04-22 13:55:06,366 INFO ['-', '-', '-', '-', '-', '-', '-']
2020-04-22 13:55:06,366 INFO ['-', '-', '-', '-', '-', '-', 'X']
2020-04-22 13:55:06,366 INFO ['-', 'X', '-', '-', 'O', '-', 'O']
2020-04-22 13:55:06,366 INFO ['-', 'X', 'O', 'X', 'O', '-', 'X']
2020-04-22 13:55:06,366 INFO --------------
2020-04-22 13:55:07,659 INFO action: 40
2020-04-22 13:55:07,659 INFO ['----', '----', '----', '----', '----', '----', '----']
2020-04-22 13:55:07,660 INFO ['----', '----', '----', '----', '----', '----', '----']
2020-04-22 13:55:07,660 INFO ['----', '----', '----', '----', '----', '----', '0.16']
2020-04-22 13:55:07,660 INFO ['----', '0.12', '----', '----', '0.14', '----', '----']
2020-04-22 13:55:07,660 INFO ['----', '----', '0.14', '0.14', '----', '----', '----']
2020-04-22 13:55:07,660 INFO ['0.14', '----', '----', '----', '----', '0.16', '----']
2020-04-22 13:55:07,660 INFO MCTS perceived value for O: 0.070000
2020-04-22 13:55:07,660 INFO NN perceived value for O: -0.080000
2020-04-22 13:55:07,660 INFO ====================
2020-04-22 13:55:07,660 INFO ['-', '-', '-', '-', '-', '-', '-']
2020-04-22 13:55:07,660 INFO ['-', '-', '-', '-', '-', '-', '-']
2020-04-22 13:55:07,661 INFO ['-', '-', '-', '-', '-', '-', '-']
2020-04-22 13:55:07,661 INFO ['-', '-', '-', '-', '-', '-', 'X']
2020-04-22 13:55:07,661 INFO ['-', 'X', '-', '-', 'O', '-', 'O']
2020-04-22 13:55:07,661 INFO ['-', 'X', 'O', 'X', 'O', 'O', 'X']
2020-04-22 13:55:07,661 INFO --------------
2020-04-22 13:55:08,951 INFO action: 35
2020-04-22 13:55:08,951 INFO ['----', '----', '----', '----', '----', '----', '----']
2020-04-22 13:55:08,952 INFO ['----', '----', '----', '----', '----', '----', '----']
2020-04-22 13:55:08,952 INFO ['----', '----', '----', '----', '----', '----', '0.14']
2020-04-22 13:55:08,952 INFO ['----', '0.14', '----', '----', '0.16', '----', '----']
2020-04-22 13:55:08,952 INFO ['----', '----', '0.12', '0.14', '----', '0.14', '----']
2020-04-22 13:55:08,952 INFO ['0.17', '----', '----', '----', '----', '----', '----']
2020-04-22 13:55:08,952 INFO MCTS perceived value for X: 0.020000
2020-04-22 13:55:08,952 INFO NN perceived value for X: -0.100000
2020-04-22 13:55:08,952 INFO ====================
2020-04-22 13:55:08,952 INFO ['-', '-', '-', '-', '-', '-', '-']
2020-04-22 13:55:08,952 INFO ['-', '-', '-', '-', '-', '-', '-']
2020-04-22 13:55:08,952 INFO ['-', '-', '-', '-', '-', '-', '-']
2020-04-22 13:55:08,952 INFO ['-', '-', '-', '-', '-', '-', 'X']
2020-04-22 13:55:08,952 INFO ['-', 'X', '-', '-', 'O', '-', 'O']
2020-04-22 13:55:08,952 INFO ['X', 'X', 'O', 'X', 'O', 'O', 'X']
2020-04-22 13:55:08,952 INFO --------------
2020-04-22 13:55:10,251 INFO action: 22
2020-04-22 13:55:10,251 INFO ['----', '----', '----', '----', '----', '----', '----']
2020-04-22 13:55:10,251 INFO ['----', '----', '----', '----', '----', '----', '----']
2020-04-22 13:55:10,251 INFO ['----', '----', '----', '----', '----', '----', '0.14']
2020-04-22 13:55:10,251 INFO ['----', '0.17', '----', '----', '0.14', '----', '----']
2020-04-22 13:55:10,251 INFO ['0.14', '----', '0.12', '0.14', '----', '0.17', '----']
2020-04-22 13:55:10,251 INFO ['----', '----', '----', '----', '----', '----', '----']
2020-04-22 13:55:10,251 INFO MCTS perceived value for O: 0.060000
2020-04-22 13:55:10,251 INFO NN perceived value for O: -0.060000
2020-04-22 13:55:10,251 INFO ====================
2020-04-22 13:55:10,251 INFO ['-', '-', '-', '-', '-', '-', '-']
2020-04-22 13:55:10,251 INFO ['-', '-', '-', '-', '-', '-', '-']
2020-04-22 13:55:10,251 INFO ['-', '-', '-', '-', '-', '-', '-']
2020-04-22 13:55:10,252 INFO ['-', 'O', '-', '-', '-', '-', 'X']
2020-04-22 13:55:10,252 INFO ['-', 'X', '-', '-', 'O', '-', 'O']
2020-04-22 13:55:10,252 INFO ['X', 'X', 'O', 'X', 'O', 'O', 'X']
2020-04-22 13:55:10,252 INFO --------------
2020-04-22 13:55:11,545 INFO action: 31
2020-04-22 13:55:11,545 INFO ['----', '----', '----', '----', '----', '----', '----']
2020-04-22 13:55:11,545 INFO ['----', '----', '----', '----', '----', '----', '----']
2020-04-22 13:55:11,545 INFO ['----', '0.14', '----', '----', '----', '----', '0.12']
2020-04-22 13:55:11,545 INFO ['----', '----', '----', '----', '0.15', '----', '----']
2020-04-22 13:55:11,546 INFO ['0.14', '----', '0.15', '0.17', '----', '0.14', '----']
2020-04-22 13:55:11,546 INFO ['----', '----', '----', '----', '----', '----', '----']
2020-04-22 13:55:11,546 INFO MCTS perceived value for X: 0.020000
2020-04-22 13:55:11,546 INFO NN perceived value for X: -0.120000
2020-04-22 13:55:11,546 INFO ====================
2020-04-22 13:55:11,546 INFO ['-', '-', '-', '-', '-', '-', '-']
2020-04-22 13:55:11,546 INFO ['-', '-', '-', '-', '-', '-', '-']
2020-04-22 13:55:11,546 INFO ['-', '-', '-', '-', '-', '-', '-']
2020-04-22 13:55:11,546 INFO ['-', 'O', '-', '-', '-', '-', 'X']
2020-04-22 13:55:11,546 INFO ['-', 'X', '-', 'X', 'O', '-', 'O']
2020-04-22 13:55:11,546 INFO ['X', 'X', 'O', 'X', 'O', 'O', 'X']
2020-04-22 13:55:11,547 INFO --------------
2020-04-22 13:55:12,975 INFO action: 33
2020-04-22 13:55:12,975 INFO ['----', '----', '----', '----', '----', '----', '----']
2020-04-22 13:55:12,975 INFO ['----', '----', '----', '----', '----', '----', '----']
2020-04-22 13:55:12,976 INFO ['----', '0.15', '----', '----', '----', '----', '0.14']
2020-04-22 13:55:12,976 INFO ['----', '----', '----', '0.15', '0.15', '----', '----']
2020-04-22 13:55:12,976 INFO ['0.12', '----', '0.14', '----', '----', '0.15', '----']
2020-04-22 13:55:12,976 INFO ['----', '----', '----', '----', '----', '----', '----']
2020-04-22 13:55:12,976 INFO MCTS perceived value for O: 0.090000
2020-04-22 13:55:12,976 INFO NN perceived value for O: -0.100000
2020-04-22 13:55:12,976 INFO ====================
2020-04-22 13:55:12,976 INFO ['-', '-', '-', '-', '-', '-', '-']
2020-04-22 13:55:12,976 INFO ['-', '-', '-', '-', '-', '-', '-']
2020-04-22 13:55:12,976 INFO ['-', '-', '-', '-', '-', '-', '-']
2020-04-22 13:55:12,976 INFO ['-', 'O', '-', '-', '-', '-', 'X']
2020-04-22 13:55:12,976 INFO ['-', 'X', '-', 'X', 'O', 'O', 'O']
2020-04-22 13:55:12,976 INFO ['X', 'X', 'O', 'X', 'O', 'O', 'X']
2020-04-22 13:55:12,976 INFO --------------
2020-04-22 13:55:14,268 INFO action: 24
2020-04-22 13:55:14,268 INFO ['----', '----', '----', '----', '----', '----', '----']
2020-04-22 13:55:14,268 INFO ['----', '----', '----', '----', '----', '----', '----']
2020-04-22 13:55:14,268 INFO ['----', '0.14', '----', '----', '----', '----', '0.14']
2020-04-22 13:55:14,268 INFO ['----', '----', '----', '0.16', '0.16', '0.14', '----']
2020-04-22 13:55:14,268 INFO ['0.16', '----', '0.12', '----', '----', '----', '----']
2020-04-22 13:55:14,268 INFO ['----', '----', '----', '----', '----', '----', '----']
2020-04-22 13:55:14,268 INFO MCTS perceived value for X: 0.070000
2020-04-22 13:55:14,268 INFO NN perceived value for X: -0.140000
2020-04-22 13:55:14,268 INFO ====================
2020-04-22 13:55:14,268 INFO ['-', '-', '-', '-', '-', '-', '-']
2020-04-22 13:55:14,268 INFO ['-', '-', '-', '-', '-', '-', '-']
2020-04-22 13:55:14,269 INFO ['-', '-', '-', '-', '-', '-', '-']
2020-04-22 13:55:14,269 INFO ['-', 'O', '-', 'X', '-', '-', 'X']
2020-04-22 13:55:14,269 INFO ['-', 'X', '-', 'X', 'O', 'O', 'O']
2020-04-22 13:55:14,269 INFO ['X', 'X', 'O', 'X', 'O', 'O', 'X']
2020-04-22 13:55:14,269 INFO --------------
2020-04-22 13:55:15,342 INFO action: 17
2020-04-22 13:55:15,342 INFO ['----', '----', '----', '----', '----', '----', '----']
2020-04-22 13:55:15,342 INFO ['----', '----', '----', '----', '----', '----', '----']
2020-04-22 13:55:15,342 INFO ['----', '0.09', '----', '0.45', '----', '----', '0.10']
2020-04-22 13:55:15,342 INFO ['----', '----', '----', '----', '0.07', '0.09', '----']
2020-04-22 13:55:15,342 INFO ['0.10', '----', '0.10', '----', '----', '----', '----']
2020-04-22 13:55:15,342 INFO ['----', '----', '----', '----', '----', '----', '----']
2020-04-22 13:55:15,342 INFO MCTS perceived value for O: -0.050000
2020-04-22 13:55:15,342 INFO NN perceived value for O: -0.130000
2020-04-22 13:55:15,342 INFO ====================
2020-04-22 13:55:15,343 INFO ['-', '-', '-', '-', '-', '-', '-']
2020-04-22 13:55:15,343 INFO ['-', '-', '-', '-', '-', '-', '-']
2020-04-22 13:55:15,343 INFO ['-', '-', '-', 'O', '-', '-', '-']
2020-04-22 13:55:15,343 INFO ['-', 'O', '-', 'X', '-', '-', 'X']
2020-04-22 13:55:15,343 INFO ['-', 'X', '-', 'X', 'O', 'O', 'O']
2020-04-22 13:55:15,343 INFO ['X', 'X', 'O', 'X', 'O', 'O', 'X']
2020-04-22 13:55:15,343 INFO --------------
2020-04-22 13:55:16,653 INFO action: 26
2020-04-22 13:55:16,653 INFO ['----', '----', '----', '----', '----', '----', '----']
2020-04-22 13:55:16,653 INFO ['----', '----', '----', '0.15', '----', '----', '----']
2020-04-22 13:55:16,653 INFO ['----', '0.15', '----', '----', '----', '----', '0.15']
2020-04-22 13:55:16,653 INFO ['----', '----', '----', '----', '0.13', '0.16', '----']
2020-04-22 13:55:16,653 INFO ['0.13', '----', '0.13', '----', '----', '----', '----']
2020-04-22 13:55:16,653 INFO ['----', '----', '----', '----', '----', '----', '----']
2020-04-22 13:55:16,653 INFO MCTS perceived value for X: 0.120000
2020-04-22 13:55:16,653 INFO NN perceived value for X: -0.140000
2020-04-22 13:55:16,653 INFO ====================
2020-04-22 13:55:16,654 INFO ['-', '-', '-', '-', '-', '-', '-']
2020-04-22 13:55:16,654 INFO ['-', '-', '-', '-', '-', '-', '-']
2020-04-22 13:55:16,654 INFO ['-', '-', '-', 'O', '-', '-', '-']
2020-04-22 13:55:16,654 INFO ['-', 'O', '-', 'X', '-', 'X', 'X']
2020-04-22 13:55:16,654 INFO ['-', 'X', '-', 'X', 'O', 'O', 'O']
2020-04-22 13:55:16,654 INFO ['X', 'X', 'O', 'X', 'O', 'O', 'X']
2020-04-22 13:55:16,654 INFO --------------
2020-04-22 13:55:17,761 INFO action: 25
2020-04-22 13:55:17,761 INFO ['----', '----', '----', '----', '----', '----', '----']
2020-04-22 13:55:17,761 INFO ['----', '----', '----', '0.07', '----', '----', '----']
2020-04-22 13:55:17,761 INFO ['----', '0.07', '----', '----', '----', '0.05', '0.05']
2020-04-22 13:55:17,761 INFO ['----', '----', '----', '----', '0.66', '----', '----']
2020-04-22 13:55:17,761 INFO ['0.07', '----', '0.05', '----', '----', '----', '----']
2020-04-22 13:55:17,761 INFO ['----', '----', '----', '----', '----', '----', '----']
2020-04-22 13:55:17,761 INFO MCTS perceived value for O: 0.140000
2020-04-22 13:55:17,761 INFO NN perceived value for O: -0.150000
2020-04-22 13:55:17,761 INFO ====================
2020-04-22 13:55:17,762 INFO ['-', '-', '-', '-', '-', '-', '-']
2020-04-22 13:55:17,762 INFO ['-', '-', '-', '-', '-', '-', '-']
2020-04-22 13:55:17,762 INFO ['-', '-', '-', 'O', '-', '-', '-']
2020-04-22 13:55:17,762 INFO ['-', 'O', '-', 'X', 'O', 'X', 'X']
2020-04-22 13:55:17,762 INFO ['-', 'X', '-', 'X', 'O', 'O', 'O']
2020-04-22 13:55:17,762 INFO ['X', 'X', 'O', 'X', 'O', 'O', 'X']
2020-04-22 13:55:17,762 INFO --------------
2020-04-22 13:55:18,812 INFO action: 18
2020-04-22 13:55:18,812 INFO ['----', '----', '----', '----', '----', '----', '----']
2020-04-22 13:55:18,812 INFO ['----', '----', '----', '0.04', '----', '----', '----']
2020-04-22 13:55:18,813 INFO ['----', '0.04', '----', '----', '0.73', '0.04', '0.04']
2020-04-22 13:55:18,813 INFO ['----', '----', '----', '----', '----', '----', '----']
2020-04-22 13:55:18,813 INFO ['0.04', '----', '0.04', '----', '----', '----', '----']
2020-04-22 13:55:18,813 INFO ['----', '----', '----', '----', '----', '----', '----']
2020-04-22 13:55:18,813 INFO MCTS perceived value for X: 0.080000
2020-04-22 13:55:18,813 INFO NN perceived value for X: -0.140000
2020-04-22 13:55:18,813 INFO ====================
2020-04-22 13:55:18,813 INFO ['-', '-', '-', '-', '-', '-', '-']
2020-04-22 13:55:18,813 INFO ['-', '-', '-', '-', '-', '-', '-']
2020-04-22 13:55:18,813 INFO ['-', '-', '-', 'O', 'X', '-', '-']
2020-04-22 13:55:18,813 INFO ['-', 'O', '-', 'X', 'O', 'X', 'X']
2020-04-22 13:55:18,813 INFO ['-', 'X', '-', 'X', 'O', 'O', 'O']
2020-04-22 13:55:18,813 INFO ['X', 'X', 'O', 'X', 'O', 'O', 'X']
2020-04-22 13:55:18,813 INFO --------------
2020-04-22 13:55:19,864 INFO action: 30
2020-04-22 13:55:19,864 INFO ['----', '----', '----', '----', '----', '----', '----']
2020-04-22 13:55:19,864 INFO ['----', '----', '----', '0.10', '0.10', '----', '----']
2020-04-22 13:55:19,864 INFO ['----', '0.10', '----', '----', '----', '0.10', '0.10']
2020-04-22 13:55:19,864 INFO ['----', '----', '----', '----', '----', '----', '----']
2020-04-22 13:55:19,864 INFO ['0.10', '----', '0.42', '----', '----', '----', '----']
2020-04-22 13:55:19,864 INFO ['----', '----', '----', '----', '----', '----', '----']
2020-04-22 13:55:19,864 INFO MCTS perceived value for O: -0.120000
2020-04-22 13:55:19,864 INFO NN perceived value for O: -0.160000
2020-04-22 13:55:19,864 INFO ====================
2020-04-22 13:55:19,864 INFO ['-', '-', '-', '-', '-', '-', '-']
2020-04-22 13:55:19,865 INFO ['-', '-', '-', '-', '-', '-', '-']
2020-04-22 13:55:19,865 INFO ['-', '-', '-', 'O', 'X', '-', '-']
2020-04-22 13:55:19,865 INFO ['-', 'O', '-', 'X', 'O', 'X', 'X']
2020-04-22 13:55:19,865 INFO ['-', 'X', 'O', 'X', 'O', 'O', 'O']
2020-04-22 13:55:19,865 INFO ['X', 'X', 'O', 'X', 'O', 'O', 'X']
2020-04-22 13:55:19,865 INFO --------------
2020-04-22 13:55:21,238 INFO action: 10
2020-04-22 13:55:21,238 INFO ['----', '----', '----', '----', '----', '----', '----']
2020-04-22 13:55:21,238 INFO ['----', '----', '----', '0.16', '0.13', '----', '----']
2020-04-22 13:55:21,238 INFO ['----', '0.14', '----', '----', '----', '0.13', '0.14']
2020-04-22 13:55:21,238 INFO ['----', '----', '0.12', '----', '----', '----', '----']
2020-04-22 13:55:21,238 INFO ['0.15', '----', '----', '----', '----', '----', '----']
2020-04-22 13:55:21,238 INFO ['----', '----', '----', '----', '----', '----', '----']
2020-04-22 13:55:21,238 INFO MCTS perceived value for X: 0.030000
2020-04-22 13:55:21,238 INFO NN perceived value for X: -0.130000
2020-04-22 13:55:21,238 INFO ====================
2020-04-22 13:55:21,239 INFO ['-', '-', '-', '-', '-', '-', '-']
2020-04-22 13:55:21,239 INFO ['-', '-', '-', 'X', '-', '-', '-']
2020-04-22 13:55:21,239 INFO ['-', '-', '-', 'O', 'X', '-', '-']
2020-04-22 13:55:21,239 INFO ['-', 'O', '-', 'X', 'O', 'X', 'X']
2020-04-22 13:55:21,239 INFO ['-', 'X', 'O', 'X', 'O', 'O', 'O']
2020-04-22 13:55:21,239 INFO ['X', 'X', 'O', 'X', 'O', 'O', 'X']
2020-04-22 13:55:21,239 INFO --------------
2020-04-22 13:55:22,462 INFO action: 23
2020-04-22 13:55:22,462 INFO ['----', '----', '----', '0.12', '----', '----', '----']
2020-04-22 13:55:22,462 INFO ['----', '----', '----', '----', '0.11', '----', '----']
2020-04-22 13:55:22,462 INFO ['----', '0.12', '----', '----', '----', '0.14', '0.14']
2020-04-22 13:55:22,462 INFO ['----', '----', '0.26', '----', '----', '----', '----']
2020-04-22 13:55:22,462 INFO ['0.11', '----', '----', '----', '----', '----', '----']
2020-04-22 13:55:22,463 INFO ['----', '----', '----', '----', '----', '----', '----']
2020-04-22 13:55:22,463 INFO MCTS perceived value for O: 0.230000
2020-04-22 13:55:22,463 INFO NN perceived value for O: -0.160000
2020-04-22 13:55:22,463 INFO ====================
2020-04-22 13:55:22,463 INFO ['-', '-', '-', '-', '-', '-', '-']
2020-04-22 13:55:22,463 INFO ['-', '-', '-', 'X', '-', '-', '-']
2020-04-22 13:55:22,463 INFO ['-', '-', '-', 'O', 'X', '-', '-']
2020-04-22 13:55:22,463 INFO ['-', 'O', 'O', 'X', 'O', 'X', 'X']
2020-04-22 13:55:22,463 INFO ['-', 'X', 'O', 'X', 'O', 'O', 'O']
2020-04-22 13:55:22,463 INFO ['X', 'X', 'O', 'X', 'O', 'O', 'X']
2020-04-22 13:55:22,463 INFO --------------
2020-04-22 13:55:22,749 INFO action: 16
2020-04-22 13:55:22,749 INFO ['----', '----', '----', '0.14', '----', '----', '----']
2020-04-22 13:55:22,749 INFO ['----', '----', '----', '----', '0.12', '----', '----']
2020-04-22 13:55:22,750 INFO ['----', '0.15', '0.18', '----', '----', '0.14', '0.14']
2020-04-22 13:55:22,750 INFO ['----', '----', '----', '----', '----', '----', '----']
2020-04-22 13:55:22,750 INFO ['0.14', '----', '----', '----', '----', '----', '----']
2020-04-22 13:55:22,750 INFO ['----', '----', '----', '----', '----', '----', '----']
2020-04-22 13:55:22,750 INFO MCTS perceived value for X: -0.730000
2020-04-22 13:55:22,750 INFO NN perceived value for X: -0.130000
2020-04-22 13:55:22,750 INFO ====================
2020-04-22 13:55:22,750 INFO ['-', '-', '-', '-', '-', '-', '-']
2020-04-22 13:55:22,750 INFO ['-', '-', '-', 'X', '-', '-', '-']
2020-04-22 13:55:22,750 INFO ['-', '-', 'X', 'O', 'X', '-', '-']
2020-04-22 13:55:22,750 INFO ['-', 'O', 'O', 'X', 'O', 'X', 'X']
2020-04-22 13:55:22,750 INFO ['-', 'X', 'O', 'X', 'O', 'O', 'O']
2020-04-22 13:55:22,750 INFO ['X', 'X', 'O', 'X', 'O', 'O', 'X']
2020-04-22 13:55:22,750 INFO --------------
2020-04-22 13:55:22,983 INFO action: 9
2020-04-22 13:55:22,983 INFO ['----', '----', '----', '0.02', '----', '----', '----']
2020-04-22 13:55:22,983 INFO ['----', '----', '0.90', '----', '0.02', '----', '----']
2020-04-22 13:55:22,983 INFO ['----', '0.02', '----', '----', '----', '0.02', '0.02']
2020-04-22 13:55:22,983 INFO ['----', '----', '----', '----', '----', '----', '----']
2020-04-22 13:55:22,983 INFO ['0.02', '----', '----', '----', '----', '----', '----']
2020-04-22 13:55:22,983 INFO ['----', '----', '----', '----', '----', '----', '----']
2020-04-22 13:55:22,983 INFO MCTS perceived value for O: 1.000000
2020-04-22 13:55:22,984 INFO NN perceived value for O: -0.160000
2020-04-22 13:55:22,984 INFO ====================
2020-04-22 13:55:22,984 INFO ['-', '-', '-', '-', '-', '-', '-']
2020-04-22 13:55:22,984 INFO ['-', '-', 'O', 'X', '-', '-', '-']
2020-04-22 13:55:22,984 INFO ['-', '-', 'X', 'O', 'X', '-', '-']
2020-04-22 13:55:22,984 INFO ['-', 'O', 'O', 'X', 'O', 'X', 'X']
2020-04-22 13:55:22,984 INFO ['-', 'X', 'O', 'X', 'O', 'O', 'O']
2020-04-22 13:55:22,984 INFO ['X', 'X', 'O', 'X', 'O', 'O', 'X']
2020-04-22 13:55:22,984 INFO --------------
2020-04-22 13:55:22,984 INFO best_player WINS!
2020-04-22 13:55:22,984 INFO ====================
2020-04-22 13:55:22,984 INFO EPISODE 2 OF 2
2020-04-22 13:55:22,984 INFO ====================
2020-04-22 13:55:22,985 INFO best_player plays as X
2020-04-22 13:55:22,985 INFO --------------
2020-04-22 13:55:22,985 INFO ['-', '-', '-', '-', '-', '-', '-']
2020-04-22 13:55:22,985 INFO ['-', '-', '-', '-', '-', '-', '-']
2020-04-22 13:55:22,985 INFO ['-', '-', '-', '-', '-', '-', '-']
2020-04-22 13:55:22,985 INFO ['-', '-', '-', '-', '-', '-', '-']
2020-04-22 13:55:22,985 INFO ['-', '-', '-', '-', '-', '-', '-']
2020-04-22 13:55:22,985 INFO ['-', '-', '-', '-', '-', '-', '-']
2020-04-22 13:55:22,986 INFO --------------
2020-04-22 13:55:24,268 INFO action: 40
2020-04-22 13:55:24,268 INFO ['----', '----', '----', '----', '----', '----', '----']
2020-04-22 13:55:24,268 INFO ['----', '----', '----', '----', '----', '----', '----']
2020-04-22 13:55:24,268 INFO ['----', '----', '----', '----', '----', '----', '----']
2020-04-22 13:55:24,268 INFO ['----', '----', '----', '----', '----', '----', '----']
2020-04-22 13:55:24,268 INFO ['----', '----', '----', '----', '----', '----', '----']
2020-04-22 13:55:24,268 INFO ['0.14', '0.12', '0.12', '0.16', '0.14', '0.16', '0.14']
2020-04-22 13:55:24,268 INFO MCTS perceived value for X: 0.040000
2020-04-22 13:55:24,268 INFO NN perceived value for X: -0.030000
2020-04-22 13:55:24,268 INFO ====================
2020-04-22 13:55:24,268 INFO ['-', '-', '-', '-', '-', '-', '-']
2020-04-22 13:55:24,268 INFO ['-', '-', '-', '-', '-', '-', '-']
2020-04-22 13:55:24,268 INFO ['-', '-', '-', '-', '-', '-', '-']
2020-04-22 13:55:24,268 INFO ['-', '-', '-', '-', '-', '-', '-']
2020-04-22 13:55:24,269 INFO ['-', '-', '-', '-', '-', '-', '-']
2020-04-22 13:55:24,269 INFO ['-', '-', '-', '-', '-', 'X', '-']
2020-04-22 13:55:24,269 INFO --------------
2020-04-22 13:55:25,801 INFO action: 37
2020-04-22 13:55:25,801 INFO ['----', '----', '----', '----', '----', '----', '----']
2020-04-22 13:55:25,801 INFO ['----', '----', '----', '----', '----', '----', '----']
2020-04-22 13:55:25,801 INFO ['----', '----', '----', '----', '----', '----', '----']
2020-04-22 13:55:25,801 INFO ['----', '----', '----', '----', '----', '----', '----']
2020-04-22 13:55:25,801 INFO ['----', '----', '----', '----', '----', '0.14', '----']
2020-04-22 13:55:25,801 INFO ['0.16', '0.14', '0.12', '0.12', '0.16', '----', '0.16']
2020-04-22 13:55:25,801 INFO MCTS perceived value for O: 0.020000
2020-04-22 13:55:25,801 INFO NN perceived value for O: -0.050000
2020-04-22 13:55:25,801 INFO ====================
2020-04-22 13:55:25,801 INFO ['-', '-', '-', '-', '-', '-', '-']
2020-04-22 13:55:25,802 INFO ['-', '-', '-', '-', '-', '-', '-']
2020-04-22 13:55:25,802 INFO ['-', '-', '-', '-', '-', '-', '-']
2020-04-22 13:55:25,802 INFO ['-', '-', '-', '-', '-', '-', '-']
2020-04-22 13:55:25,802 INFO ['-', '-', '-', '-', '-', '-', '-']
2020-04-22 13:55:25,802 INFO ['-', '-', 'O', '-', '-', 'X', '-']
2020-04-22 13:55:25,802 INFO --------------
2020-04-22 13:55:27,091 INFO action: 41
2020-04-22 13:55:27,091 INFO ['----', '----', '----', '----', '----', '----', '----']
2020-04-22 13:55:27,091 INFO ['----', '----', '----', '----', '----', '----', '----']
2020-04-22 13:55:27,091 INFO ['----', '----', '----', '----', '----', '----', '----']
2020-04-22 13:55:27,091 INFO ['----', '----', '----', '----', '----', '----', '----']
2020-04-22 13:55:27,091 INFO ['----', '----', '0.18', '----', '----', '0.11', '----']
2020-04-22 13:55:27,092 INFO ['0.14', '0.11', '----', '0.12', '0.18', '----', '0.16']
2020-04-22 13:55:27,092 INFO MCTS perceived value for X: 0.040000
2020-04-22 13:55:27,092 INFO NN perceived value for X: -0.040000
2020-04-22 13:55:27,092 INFO ====================
2020-04-22 13:55:27,092 INFO ['-', '-', '-', '-', '-', '-', '-']
2020-04-22 13:55:27,092 INFO ['-', '-', '-', '-', '-', '-', '-']
2020-04-22 13:55:27,092 INFO ['-', '-', '-', '-', '-', '-', '-']
2020-04-22 13:55:27,092 INFO ['-', '-', '-', '-', '-', '-', '-']
2020-04-22 13:55:27,092 INFO ['-', '-', '-', '-', '-', '-', '-']
2020-04-22 13:55:27,092 INFO ['-', '-', 'O', '-', '-', 'X', 'X']
2020-04-22 13:55:27,092 INFO --------------
2020-04-22 13:55:28,384 INFO action: 39
2020-04-22 13:55:28,384 INFO ['----', '----', '----', '----', '----', '----', '----']
2020-04-22 13:55:28,384 INFO ['----', '----', '----', '----', '----', '----', '----']
2020-04-22 13:55:28,384 INFO ['----', '----', '----', '----', '----', '----', '----']
2020-04-22 13:55:28,384 INFO ['----', '----', '----', '----', '----', '----', '----']
2020-04-22 13:55:28,384 INFO ['----', '----', '0.14', '----', '----', '0.17', '0.14']
2020-04-22 13:55:28,384 INFO ['0.14', '0.14', '----', '0.14', '0.14', '----', '----']
2020-04-22 13:55:28,384 INFO MCTS perceived value for O: 0.050000
2020-04-22 13:55:28,384 INFO NN perceived value for O: -0.060000
2020-04-22 13:55:28,385 INFO ====================
2020-04-22 13:55:28,385 INFO ['-', '-', '-', '-', '-', '-', '-']
2020-04-22 13:55:28,385 INFO ['-', '-', '-', '-', '-', '-', '-']
2020-04-22 13:55:28,385 INFO ['-', '-', '-', '-', '-', '-', '-']
2020-04-22 13:55:28,385 INFO ['-', '-', '-', '-', '-', '-', '-']
2020-04-22 13:55:28,385 INFO ['-', '-', '-', '-', '-', '-', '-']
2020-04-22 13:55:28,385 INFO ['-', '-', 'O', '-', 'O', 'X', 'X']
2020-04-22 13:55:28,385 INFO --------------
2020-04-22 13:55:29,684 INFO action: 35
2020-04-22 13:55:29,684 INFO ['----', '----', '----', '----', '----', '----', '----']
2020-04-22 13:55:29,684 INFO ['----', '----', '----', '----', '----', '----', '----']
2020-04-22 13:55:29,684 INFO ['----', '----', '----', '----', '----', '----', '----']
2020-04-22 13:55:29,684 INFO ['----', '----', '----', '----', '----', '----', '----']
2020-04-22 13:55:29,684 INFO ['----', '----', '0.14', '----', '0.18', '0.12', '0.16']
2020-04-22 13:55:29,684 INFO ['0.14', '0.14', '----', '0.12', '----', '----', '----']
2020-04-22 13:55:29,684 INFO MCTS perceived value for X: 0.060000
2020-04-22 13:55:29,684 INFO NN perceived value for X: -0.050000
2020-04-22 13:55:29,684 INFO ====================
2020-04-22 13:55:29,685 INFO ['-', '-', '-', '-', '-', '-', '-']
2020-04-22 13:55:29,685 INFO ['-', '-', '-', '-', '-', '-', '-']
2020-04-22 13:55:29,685 INFO ['-', '-', '-', '-', '-', '-', '-']
2020-04-22 13:55:29,685 INFO ['-', '-', '-', '-', '-', '-', '-']
2020-04-22 13:55:29,685 INFO ['-', '-', '-', '-', '-', '-', '-']
2020-04-22 13:55:29,685 INFO ['X', '-', 'O', '-', 'O', 'X', 'X']
2020-04-22 13:55:29,685 INFO --------------
2020-04-22 13:55:30,984 INFO action: 32
2020-04-22 13:55:30,984 INFO ['----', '----', '----', '----', '----', '----', '----']
2020-04-22 13:55:30,984 INFO ['----', '----', '----', '----', '----', '----', '----']
2020-04-22 13:55:30,984 INFO ['----', '----', '----', '----', '----', '----', '----']
2020-04-22 13:55:30,984 INFO ['----', '----', '----', '----', '----', '----', '----']
2020-04-22 13:55:30,984 INFO ['0.16', '----', '0.14', '----', '0.16', '0.12', '0.14']
2020-04-22 13:55:30,985 INFO ['----', '0.14', '----', '0.14', '----', '----', '----']
2020-04-22 13:55:30,985 INFO MCTS perceived value for O: 0.040000
2020-04-22 13:55:30,985 INFO NN perceived value for O: -0.080000
2020-04-22 13:55:30,985 INFO ====================
2020-04-22 13:55:30,985 INFO ['-', '-', '-', '-', '-', '-', '-']
2020-04-22 13:55:30,985 INFO ['-', '-', '-', '-', '-', '-', '-']
2020-04-22 13:55:30,985 INFO ['-', '-', '-', '-', '-', '-', '-']
2020-04-22 13:55:30,985 INFO ['-', '-', '-', '-', '-', '-', '-']
2020-04-22 13:55:30,985 INFO ['-', '-', '-', '-', 'O', '-', '-']
2020-04-22 13:55:30,985 INFO ['X', '-', 'O', '-', 'O', 'X', 'X']
2020-04-22 13:55:30,985 INFO --------------
2020-04-22 13:55:32,285 INFO action: 25
2020-04-22 13:55:32,285 INFO ['----', '----', '----', '----', '----', '----', '----']
2020-04-22 13:55:32,285 INFO ['----', '----', '----', '----', '----', '----', '----']
2020-04-22 13:55:32,285 INFO ['----', '----', '----', '----', '----', '----', '----']
2020-04-22 13:55:32,285 INFO ['----', '----', '----', '----', '0.12', '----', '----']
2020-04-22 13:55:32,286 INFO ['0.16', '----', '0.14', '----', '----', '0.16', '0.12']
2020-04-22 13:55:32,286 INFO ['----', '0.14', '----', '0.17', '----', '----', '----']
2020-04-22 13:55:32,286 INFO MCTS perceived value for X: 0.060000
2020-04-22 13:55:32,286 INFO NN perceived value for X: -0.090000
2020-04-22 13:55:32,286 INFO ====================
2020-04-22 13:55:32,286 INFO ['-', '-', '-', '-', '-', '-', '-']
2020-04-22 13:55:32,286 INFO ['-', '-', '-', '-', '-', '-', '-']
2020-04-22 13:55:32,286 INFO ['-', '-', '-', '-', '-', '-', '-']
2020-04-22 13:55:32,286 INFO ['-', '-', '-', '-', 'X', '-', '-']
2020-04-22 13:55:32,286 INFO ['-', '-', '-', '-', 'O', '-', '-']
2020-04-22 13:55:32,286 INFO ['X', '-', 'O', '-', 'O', 'X', 'X']
2020-04-22 13:55:32,286 INFO --------------
2020-04-22 13:55:33,578 INFO action: 36
2020-04-22 13:55:33,578 INFO ['----', '----', '----', '----', '----', '----', '----']
2020-04-22 13:55:33,578 INFO ['----', '----', '----', '----', '----', '----', '----']
2020-04-22 13:55:33,578 INFO ['----', '----', '----', '----', '0.16', '----', '----']
2020-04-22 13:55:33,578 INFO ['----', '----', '----', '----', '----', '----', '----']
2020-04-22 13:55:33,578 INFO ['0.14', '----', '0.14', '----', '----', '0.11', '0.16']
2020-04-22 13:55:33,578 INFO ['----', '0.14', '----', '0.14', '----', '----', '----']
2020-04-22 13:55:33,578 INFO MCTS perceived value for O: 0.060000
2020-04-22 13:55:33,578 INFO NN perceived value for O: -0.090000
2020-04-22 13:55:33,578 INFO ====================
2020-04-22 13:55:33,578 INFO ['-', '-', '-', '-', '-', '-', '-']
2020-04-22 13:55:33,578 INFO ['-', '-', '-', '-', '-', '-', '-']
2020-04-22 13:55:33,578 INFO ['-', '-', '-', '-', '-', '-', '-']
2020-04-22 13:55:33,579 INFO ['-', '-', '-', '-', 'X', '-', '-']
2020-04-22 13:55:33,579 INFO ['-', '-', '-', '-', 'O', '-', '-']
2020-04-22 13:55:33,579 INFO ['X', 'O', 'O', '-', 'O', 'X', 'X']
2020-04-22 13:55:33,579 INFO --------------
2020-04-22 13:55:34,777 INFO action: 18
2020-04-22 13:55:34,777 INFO ['----', '----', '----', '----', '----', '----', '----']
2020-04-22 13:55:34,778 INFO ['----', '----', '----', '----', '----', '----', '----']
2020-04-22 13:55:34,778 INFO ['----', '----', '----', '----', '0.11', '----', '----']
2020-04-22 13:55:34,778 INFO ['----', '----', '----', '----', '----', '----', '----']
2020-04-22 13:55:34,778 INFO ['0.12', '0.07', '0.11', '----', '----', '0.11', '0.09']
2020-04-22 13:55:34,778 INFO ['----', '----', '----', '0.40', '----', '----', '----']
2020-04-22 13:55:34,778 INFO MCTS perceived value for X: -0.300000
2020-04-22 13:55:34,778 INFO NN perceived value for X: -0.080000
2020-04-22 13:55:34,778 INFO ====================
2020-04-22 13:55:34,778 INFO ['-', '-', '-', '-', '-', '-', '-']
2020-04-22 13:55:34,779 INFO ['-', '-', '-', '-', '-', '-', '-']
2020-04-22 13:55:34,779 INFO ['-', '-', '-', '-', 'X', '-', '-']
2020-04-22 13:55:34,779 INFO ['-', '-', '-', '-', 'X', '-', '-']
2020-04-22 13:55:34,779 INFO ['-', '-', '-', '-', 'O', '-', '-']
2020-04-22 13:55:34,779 INFO ['X', 'O', 'O', '-', 'O', 'X', 'X']
2020-04-22 13:55:34,779 INFO --------------
2020-04-22 13:55:34,980 INFO action: 38
2020-04-22 13:55:34,980 INFO ['----', '----', '----', '----', '----', '----', '----']
2020-04-22 13:55:34,980 INFO ['----', '----', '----', '----', '0.02', '----', '----']
2020-04-22 13:55:34,980 INFO ['----', '----', '----', '----', '----', '----', '----']
2020-04-22 13:55:34,980 INFO ['----', '----', '----', '----', '----', '----', '----']
2020-04-22 13:55:34,980 INFO ['0.02', '0.02', '0.02', '----', '----', '0.02', '0.02']
2020-04-22 13:55:34,980 INFO ['----', '----', '----', '0.89', '----', '----', '----']
2020-04-22 13:55:34,980 INFO MCTS perceived value for O: 1.000000
2020-04-22 13:55:34,981 INFO NN perceived value for O: -0.080000
2020-04-22 13:55:34,981 INFO ====================
2020-04-22 13:55:34,981 INFO ['-', '-', '-', '-', '-', '-', '-']
2020-04-22 13:55:34,981 INFO ['-', '-', '-', '-', '-', '-', '-']
2020-04-22 13:55:34,981 INFO ['-', '-', '-', '-', 'X', '-', '-']
2020-04-22 13:55:34,981 INFO ['-', '-', '-', '-', 'X', '-', '-']
2020-04-22 13:55:34,981 INFO ['-', '-', '-', '-', 'O', '-', '-']
2020-04-22 13:55:34,981 INFO ['X', 'O', 'O', 'O', 'O', 'X', 'X']
2020-04-22 13:55:34,981 INFO --------------
2020-04-22 13:55:34,981 INFO best_player WINS!
